<?xml version="1.0" encoding="UTF-8"?>
<!-- Generated by org.testng.reporters.JUnitXMLReporter -->
<testsuite ignored="0" hostname="LAPTOP-K3TCJRVS" failures="0" tests="3" name="Default test" time="0.055" errors="0" timestamp="2023-09-06T15:09:15 IST">
  <testcase classname="Batch_execution.Sample1" name="tc1" time="0.012"/>
  <testcase classname="Batch_execution.Sample1" name="tc2" time="0.001"/>
  <testcase classname="Batch_execution.Sample1" name="tc3" time="0.001"/>
</testsuite> <!-- Default test -->
