<?xml version="1.0" encoding="UTF-8"?>
<!-- Generated by org.testng.reporters.JUnitXMLReporter -->
<testsuite ignored="0" hostname="LAPTOP-K3TCJRVS" failures="0" tests="9" name="Test" time="0.089" errors="0" timestamp="2023-09-05T15:44:12 IST">
  <testcase classname="Batch_execution.Sample3" name="tc7" time="0.015"/>
  <testcase classname="Batch_execution.Sample3" name="tc8" time="0.001"/>
  <testcase classname="Batch_execution.Sample3" name="tc9" time="0.001"/>
  <testcase classname="Batch_execution.Sample2" name="tc4" time="0.001"/>
  <testcase classname="Batch_execution.Sample2" name="tc5" time="0.001"/>
  <testcase classname="Batch_execution.Sample2" name="tc6" time="0.001"/>
  <testcase classname="Batch_execution.Sample1" name="tc1" time="0.001"/>
  <testcase classname="Batch_execution.Sample1" name="tc2" time="0.001"/>
  <testcase classname="Batch_execution.Sample1" name="tc3" time="0.001"/>
</testsuite> <!-- Test -->
