<?xml version="1.0" encoding="UTF-8"?>
<testng-results ignored="0" total="3" passed="3" failed="0" skipped="0">
  <reporter-output>
    <line>
      <![CDATA[==Hii I am from tc1== ]]>
    </line>
    <line>
      <![CDATA[==Hii I am from tc2== ]]>
    </line>
    <line>
      <![CDATA[==Hii I am from tc3== ]]>
    </line>
  </reporter-output>
  <suite started-at="2023-09-06T15:09:14 IST" name="Default suite" finished-at="2023-09-06T15:09:14 IST" duration-ms="55">
    <groups>
    </groups>
    <test started-at="2023-09-06T15:09:14 IST" name="Default test" finished-at="2023-09-06T15:09:14 IST" duration-ms="55">
      <class name="Batch_execution.Sample1">
        <test-method signature="tc1()[pri:0, instance:Batch_execution.Sample1@434a63ab]" started-at="2023-09-06T15:09:14 IST" name="tc1" finished-at="2023-09-06T15:09:14 IST" duration-ms="11" status="PASS">
          <reporter-output>
            <line>
              <![CDATA[==Hii I am from tc1== ]]>
            </line>
          </reporter-output>
        </test-method> <!-- tc1 -->
        <test-method signature="tc2()[pri:0, instance:Batch_execution.Sample1@434a63ab]" started-at="2023-09-06T15:09:14 IST" name="tc2" finished-at="2023-09-06T15:09:14 IST" duration-ms="2" status="PASS">
          <reporter-output>
            <line>
              <![CDATA[==Hii I am from tc2== ]]>
            </line>
          </reporter-output>
        </test-method> <!-- tc2 -->
        <test-method signature="tc3()[pri:0, instance:Batch_execution.Sample1@434a63ab]" started-at="2023-09-06T15:09:14 IST" name="tc3" finished-at="2023-09-06T15:09:14 IST" duration-ms="1" status="PASS">
          <reporter-output>
            <line>
              <![CDATA[==Hii I am from tc3== ]]>
            </line>
          </reporter-output>
        </test-method> <!-- tc3 -->
      </class> <!-- Batch_execution.Sample1 -->
    </test> <!-- Default test -->
  </suite> <!-- Default suite -->
</testng-results>
